<?xml version="1.0" encoding="UTF-8"?>
<!-- Generated by org.testng.reporters.JUnitXMLReporter -->
<testsuite hostname="Somnaths-MacBook-Pro.local" ignored="0" name="Default test" tests="5" failures="0" timestamp="20 Jun 2017 18:15:48 GMT" time="0.327" errors="0">
  <testcase name="get_api_test" time="0.225" classname="com.somnath.lru_test.LruTest"/>
  <testcase name="lru_cache_get_element_test" time="0.003" classname="com.somnath.lru_test.LruTest"/>
  <testcase name="lru_cache_put_element_test" time="0.002" classname="com.somnath.lru_test.LruTest"/>
  <testcase name="lru_end_to_end_test" time="0.001" classname="com.somnath.lru_test.LruTest"/>
  <testcase name="post_api_test" time="0.076" classname="com.somnath.lru_test.LruTest"/>
</testsuite> <!-- Default test -->
