<?xml version="1.0" encoding="UTF-8"?>
<testng-results skipped="0" failed="0" ignored="0" total="5" passed="5">
  <reporter-output>
  </reporter-output>
  <suite name="Default suite" duration-ms="327" started-at="2017-06-20T18:15:47Z" finished-at="2017-06-20T18:15:48Z">
    <groups>
    </groups>
    <test name="Default test" duration-ms="327" started-at="2017-06-20T18:15:47Z" finished-at="2017-06-20T18:15:48Z">
      <class name="com.somnath.lru_test.LruTest">
        <test-method status="PASS" signature="get_api_test()[pri:0, instance:com.somnath.lru_test.LruTest@51081592]" name="get_api_test" duration-ms="225" started-at="2017-06-20T23:45:47Z" finished-at="2017-06-20T23:45:48Z">
          <reporter-output>
          </reporter-output>
        </test-method> <!-- get_api_test -->
        <test-method status="PASS" signature="lru_cache_get_element_test()[pri:0, instance:com.somnath.lru_test.LruTest@51081592]" name="lru_cache_get_element_test" duration-ms="3" started-at="2017-06-20T23:45:48Z" finished-at="2017-06-20T23:45:48Z">
          <reporter-output>
          </reporter-output>
        </test-method> <!-- lru_cache_get_element_test -->
        <test-method status="PASS" signature="lru_cache_put_element_test()[pri:0, instance:com.somnath.lru_test.LruTest@51081592]" name="lru_cache_put_element_test" duration-ms="2" started-at="2017-06-20T23:45:48Z" finished-at="2017-06-20T23:45:48Z">
          <reporter-output>
          </reporter-output>
        </test-method> <!-- lru_cache_put_element_test -->
        <test-method status="PASS" signature="lru_end_to_end_test()[pri:0, instance:com.somnath.lru_test.LruTest@51081592]" name="lru_end_to_end_test" duration-ms="1" started-at="2017-06-20T23:45:48Z" finished-at="2017-06-20T23:45:48Z">
          <reporter-output>
          </reporter-output>
        </test-method> <!-- lru_end_to_end_test -->
        <test-method status="PASS" signature="post_api_test()[pri:0, instance:com.somnath.lru_test.LruTest@51081592]" name="post_api_test" duration-ms="76" started-at="2017-06-20T23:45:48Z" finished-at="2017-06-20T23:45:48Z">
          <reporter-output>
          </reporter-output>
        </test-method> <!-- post_api_test -->
        <test-method status="PASS" signature="teardown()[pri:0, instance:com.somnath.lru_test.LruTest@51081592]" name="teardown" is-config="true" duration-ms="1" started-at="2017-06-20T23:45:48Z" finished-at="2017-06-20T23:45:48Z">
          <reporter-output>
          </reporter-output>
        </test-method> <!-- teardown -->
      </class> <!-- com.somnath.lru_test.LruTest -->
    </test> <!-- Default test -->
  </suite> <!-- Default suite -->
</testng-results>
